<?xml version="1.0" encoding="UTF-8"?>
<!-- Generated by org.testng.reporters.JUnitReportReporter -->
<testsuite skipped="0" hostname="DESKTOP-6QJKN6Q" name="MultiBrowserTest.TestNGMultiBrowserTest" tests="6" failures="0" timestamp="2020-06-13T20:26:20 GST" time="24.502" errors="0">
  <testcase name="fillFormTest" time="11.441" classname="MultiBrowserTest.TestNGMultiBrowserTest"/>
  <system-out/>
  <testcase name="fillFormTest" time="8.412" classname="MultiBrowserTest.TestNGMultiBrowserTest"/>
  <system-out/>
  <testcase name="select_Language_Dropdown_Test" time="0.543" classname="MultiBrowserTest.TestNGMultiBrowserTest"/>
  <system-out/>
  <testcase name="select_Language_Dropdown_Test" time="0.908" classname="MultiBrowserTest.TestNGMultiBrowserTest"/>
  <system-out/>
  <testcase name="chooseUploadFileTest" time="1.612" classname="MultiBrowserTest.TestNGMultiBrowserTest"/>
  <system-out/>
  <testcase name="chooseUploadFileTest" time="1.586" classname="MultiBrowserTest.TestNGMultiBrowserTest"/>
  <system-out/>
</testsuite> <!-- MultiBrowserTest.TestNGMultiBrowserTest -->
