<?xml version="1.0" encoding="UTF-8"?>
<!-- Generated by org.testng.reporters.JUnitReportReporter -->
<testsuite skipped="0" hostname="DESKTOP-6QJKN6Q" name="AutomationDemo.DemoUserRegistration" tests="7" failures="0" timestamp="2020-06-17T10:53:59 GST" time="31.467" errors="0">
  <testcase name="fillFormTest" time="3.294" classname="AutomationDemo.DemoUserRegistration"/>
  <system-out/>
  <testcase name="chooseUploadFileTest" time="1.617" classname="AutomationDemo.DemoUserRegistration"/>
  <system-out/>
  <testcase name="select_RadioBtn_GenderTest" time="0.193" classname="AutomationDemo.DemoUserRegistration"/>
  <system-out/>
  <testcase name="select_CheckBoxes_hobby" time="0.444" classname="AutomationDemo.DemoUserRegistration"/>
  <system-out/>
  <testcase name="select_Language_Dropdown_Test" time="1.062" classname="AutomationDemo.DemoUserRegistration"/>
  <system-out/>
  <testcase name="select_DateofBirth_DropdownTest" time="16.637" classname="AutomationDemo.DemoUserRegistration"/>
  <system-out/>
  <testcase name="mouseHover_Alertmethod_Test" time="8.220" classname="AutomationDemo.DemoUserRegistration"/>
  <system-out/>
</testsuite> <!-- AutomationDemo.DemoUserRegistration -->
