<?xml version="1.0" encoding="UTF-8"?>
<!-- Generated by org.testng.reporters.JUnitReportReporter -->
<testsuite skipped="0" hostname="DESKTOP-6QJKN6Q" name="MultiBrowserTest.TestNGMultiBrowserTest" tests="6" failures="0" timestamp="2020-06-16T16:16:20 GST" time="73.875" errors="0">
  <testcase name="fillFormTest" time="51.662" classname="MultiBrowserTest.TestNGMultiBrowserTest"/>
  <system-out/>
  <testcase name="fillFormTest" time="18.477" classname="MultiBrowserTest.TestNGMultiBrowserTest"/>
  <system-out/>
  <testcase name="select_Language_Dropdown_Test" time="0.346" classname="MultiBrowserTest.TestNGMultiBrowserTest"/>
  <system-out/>
  <testcase name="select_Language_Dropdown_Test" time="0.243" classname="MultiBrowserTest.TestNGMultiBrowserTest"/>
  <system-out/>
  <testcase name="chooseUploadFileTest" time="1.600" classname="MultiBrowserTest.TestNGMultiBrowserTest"/>
  <system-out/>
  <testcase name="chooseUploadFileTest" time="1.547" classname="MultiBrowserTest.TestNGMultiBrowserTest"/>
  <system-out/>
</testsuite> <!-- MultiBrowserTest.TestNGMultiBrowserTest -->
