<?xml version="1.0" encoding="UTF-8"?>
<!-- Generated by org.testng.reporters.JUnitReportReporter -->
<testsuite skipped="0" hostname="DESKTOP-6QJKN6Q" name="AutomationDemo.DemoUserRegistrationExtentReport" tests="7" failures="0" timestamp="2020-06-16T11:55:35 GST" time="24.352" errors="0">
  <testcase name="fillFormTest" time="6.626" classname="AutomationDemo.DemoUserRegistrationExtentReport"/>
  <system-out/>
  <testcase name="chooseUploadFileTest" time="1.626" classname="AutomationDemo.DemoUserRegistrationExtentReport"/>
  <system-out/>
  <testcase name="select_RadioBtn_GenderTest" time="0.172" classname="AutomationDemo.DemoUserRegistrationExtentReport"/>
  <system-out/>
  <testcase name="select_CheckBoxes_hobby" time="0.365" classname="AutomationDemo.DemoUserRegistrationExtentReport"/>
  <system-out/>
  <testcase name="select_Language_Dropdown_Test" time="0.663" classname="AutomationDemo.DemoUserRegistrationExtentReport"/>
  <system-out/>
  <testcase name="select_DateofBirth_DropdownTest" time="6.370" classname="AutomationDemo.DemoUserRegistrationExtentReport"/>
  <system-out/>
  <testcase name="mouseHover_Alertmethod_Test" time="8.530" classname="AutomationDemo.DemoUserRegistrationExtentReport"/>
  <system-out/>
</testsuite> <!-- AutomationDemo.DemoUserRegistrationExtentReport -->
