<?xml version="1.0" encoding="UTF-8"?>
<!-- Generated by org.testng.reporters.JUnitReportReporter -->
<testsuite skipped="0" hostname="DESKTOP-6QJKN6Q" name="AutomationDemo.DemoUserRegistration" tests="7" failures="0" timestamp="2020-06-10T21:16:18 GST" time="30.542" errors="0">
  <testcase name="fillFormTest" time="3.235" classname="AutomationDemo.DemoUserRegistration"/>
  <system-out/>
  <testcase name="chooseUploadFileTest" time="1.654" classname="AutomationDemo.DemoUserRegistration"/>
  <system-out/>
  <testcase name="select_RadioBtn_GenderTest" time="0.183" classname="AutomationDemo.DemoUserRegistration"/>
  <system-out/>
  <testcase name="select_CheckBoxes_hobby" time="0.388" classname="AutomationDemo.DemoUserRegistration"/>
  <system-out/>
  <testcase name="select_Language_Dropdown_Test" time="0.903" classname="AutomationDemo.DemoUserRegistration"/>
  <system-out/>
  <testcase name="select_DateofBirth_DropdownTest" time="16.627" classname="AutomationDemo.DemoUserRegistration"/>
  <system-out/>
  <testcase name="mouseHover_Alertmethod_Test" time="7.552" classname="AutomationDemo.DemoUserRegistration"/>
  <system-out/>
</testsuite> <!-- AutomationDemo.DemoUserRegistration -->
