<?xml version="1.0" encoding="UTF-8"?>
<!-- Generated by org.testng.reporters.JUnitReportReporter -->
<testsuite skipped="0" hostname="DESKTOP-6QJKN6Q" name="TestNGListeners.TestNGListenersDemo" tests="3" failures="0" timestamp="2020-06-12T15:17:49 GST" time="0.028" errors="0">
  <testcase name="test3" time="0.003" classname="TestNGListeners.TestNGListenersDemo"/>
  <system-out/>
  <testcase name="test1" time="0.021" classname="TestNGListeners.TestNGListenersDemo"/>
  <system-out/>
  <testcase name="test2" time="0.004" classname="TestNGListeners.TestNGListenersDemo"/>
  <system-out/>
</testsuite> <!-- TestNGListeners.TestNGListenersDemo -->
