<?xml version="1.0" encoding="UTF-8"?>
<!-- Generated by org.testng.reporters.JUnitReportReporter -->
<testsuite skipped="0" hostname="DESKTOP-6QJKN6Q" name="MultiBrowserTest.TestNGMultiBrowserTest" tests="2" failures="0" timestamp="2020-06-12T21:49:13 GST" time="17.447" errors="0">
  <testcase name="fillFormTest" time="9.713" classname="MultiBrowserTest.TestNGMultiBrowserTest"/>
  <system-out/>
  <testcase name="fillFormTest" time="7.734" classname="MultiBrowserTest.TestNGMultiBrowserTest"/>
  <system-out/>
</testsuite> <!-- MultiBrowserTest.TestNGMultiBrowserTest -->
