<?xml version="1.0" encoding="UTF-8"?>
<!-- Generated by org.testng.reporters.JUnitReportReporter -->
<testsuite skipped="0" hostname="DESKTOP-6QJKN6Q" name="MultiBrowserTest.TestNGMultiBrowserTest" tests="6" failures="0" timestamp="2020-06-14T09:33:26 GST" time="23.786" errors="0">
  <testcase name="fillFormTest" time="7.895" classname="MultiBrowserTest.TestNGMultiBrowserTest"/>
  <system-out/>
  <testcase name="fillFormTest" time="10.689" classname="MultiBrowserTest.TestNGMultiBrowserTest"/>
  <system-out/>
  <testcase name="select_Language_Dropdown_Test" time="0.623" classname="MultiBrowserTest.TestNGMultiBrowserTest"/>
  <system-out/>
  <testcase name="select_Language_Dropdown_Test" time="1.386" classname="MultiBrowserTest.TestNGMultiBrowserTest"/>
  <system-out/>
  <testcase name="chooseUploadFileTest" time="1.586" classname="MultiBrowserTest.TestNGMultiBrowserTest"/>
  <system-out/>
  <testcase name="chooseUploadFileTest" time="1.607" classname="MultiBrowserTest.TestNGMultiBrowserTest"/>
  <system-out/>
</testsuite> <!-- MultiBrowserTest.TestNGMultiBrowserTest -->
