<?xml version="1.0" encoding="UTF-8"?>
<!-- Generated by org.testng.reporters.JUnitReportReporter -->
<testsuite skipped="0" hostname="DESKTOP-6QJKN6Q" name="AssertionDemo.TestNGAseertion" tests="2" failures="0" timestamp="2020-06-15T19:44:04 GST" time="0.040" errors="0">
  <testcase name="hardAssertionTest" time="0.025" classname="AssertionDemo.TestNGAseertion"/>
  <system-out/>
  <testcase name="softAssertionTest" time="0.015" classname="AssertionDemo.TestNGAseertion"/>
  <system-out/>
</testsuite> <!-- AssertionDemo.TestNGAseertion -->
