<?xml version="1.0" encoding="UTF-8"?>
<!-- Generated by org.testng.reporters.JUnitReportReporter -->
<testsuite skipped="0" hostname="DESKTOP-6QJKN6Q" name="AutomationDemo.DemoUserRegistration" tests="7" failures="0" timestamp="2020-06-14T11:54:16 GST" time="29.055" errors="0">
  <testcase name="fillFormTest" time="2.397" classname="AutomationDemo.DemoUserRegistration"/>
  <system-out/>
  <testcase name="chooseUploadFileTest" time="1.625" classname="AutomationDemo.DemoUserRegistration"/>
  <system-out/>
  <testcase name="select_RadioBtn_GenderTest" time="0.196" classname="AutomationDemo.DemoUserRegistration"/>
  <system-out/>
  <testcase name="select_CheckBoxes_hobby" time="0.370" classname="AutomationDemo.DemoUserRegistration"/>
  <system-out/>
  <testcase name="select_Language_Dropdown_Test" time="0.764" classname="AutomationDemo.DemoUserRegistration"/>
  <system-out/>
  <testcase name="select_DateofBirth_DropdownTest" time="16.520" classname="AutomationDemo.DemoUserRegistration"/>
  <system-out/>
  <testcase name="mouseHover_Alertmethod_Test" time="7.183" classname="AutomationDemo.DemoUserRegistration"/>
  <system-out/>
</testsuite> <!-- AutomationDemo.DemoUserRegistration -->
