<?xml version="1.0" encoding="UTF-8"?>
<!-- Generated by org.testng.reporters.JUnitReportReporter -->
<testsuite skipped="0" hostname="DESKTOP-6QJKN6Q" name="TestNGListeners.TestNGListenersDemo2" tests="3" failures="0" timestamp="2020-06-13T08:34:41 GST" time="0.010" errors="0">
  <testcase name="test5" time="0.002" classname="TestNGListeners.TestNGListenersDemo2"/>
  <system-out/>
  <testcase name="test6" time="0.003" classname="TestNGListeners.TestNGListenersDemo2"/>
  <system-out/>
  <testcase name="test4" time="0.005" classname="TestNGListeners.TestNGListenersDemo2"/>
  <system-out/>
</testsuite> <!-- TestNGListeners.TestNGListenersDemo2 -->
