<?xml version="1.0" encoding="UTF-8"?>
<!-- Generated by org.testng.reporters.JUnitReportReporter -->
<testsuite skipped="0" hostname="DESKTOP-6QJKN6Q" name="AutomationDemo.DemoUserRegistrationTesngListerners" tests="7" failures="0" timestamp="2020-06-15T07:44:29 GST" time="39.509" errors="0">
  <testcase name="fillFormTest" time="11.034" classname="AutomationDemo.DemoUserRegistrationTesngListerners"/>
  <system-out/>
  <testcase name="chooseUploadFileTest" time="1.654" classname="AutomationDemo.DemoUserRegistrationTesngListerners"/>
  <system-out/>
  <testcase name="select_RadioBtn_GenderTest" time="0.186" classname="AutomationDemo.DemoUserRegistrationTesngListerners"/>
  <system-out/>
  <testcase name="select_CheckBoxes_hobby" time="0.400" classname="AutomationDemo.DemoUserRegistrationTesngListerners"/>
  <system-out/>
  <testcase name="select_Language_Dropdown_Test" time="10.258" classname="AutomationDemo.DemoUserRegistrationTesngListerners"/>
  <system-out/>
  <testcase name="select_DateofBirth_DropdownTest" time="6.172" classname="AutomationDemo.DemoUserRegistrationTesngListerners"/>
  <system-out/>
  <testcase name="mouseHover_Alertmethod_Test" time="9.805" classname="AutomationDemo.DemoUserRegistrationTesngListerners"/>
  <system-out/>
</testsuite> <!-- AutomationDemo.DemoUserRegistrationTesngListerners -->
