<?xml version="1.0" encoding="UTF-8"?>
<!-- Generated by org.testng.reporters.JUnitReportReporter -->
<testsuite skipped="0" hostname="DESKTOP-6QJKN6Q" name="AutomationDemo.DemoUserRegistrationExtentReport" tests="7" failures="0" timestamp="2020-06-12T17:51:03 GST" time="23.187" errors="0">
  <testcase name="fillFormTest" time="6.737" classname="AutomationDemo.DemoUserRegistrationExtentReport"/>
  <system-out/>
  <testcase name="chooseUploadFileTest" time="1.646" classname="AutomationDemo.DemoUserRegistrationExtentReport"/>
  <system-out/>
  <testcase name="select_RadioBtn_GenderTest" time="0.219" classname="AutomationDemo.DemoUserRegistrationExtentReport"/>
  <system-out/>
  <testcase name="select_CheckBoxes_hobby" time="0.408" classname="AutomationDemo.DemoUserRegistrationExtentReport"/>
  <system-out/>
  <testcase name="select_Language_Dropdown_Test" time="0.496" classname="AutomationDemo.DemoUserRegistrationExtentReport"/>
  <system-out/>
  <testcase name="select_DateofBirth_DropdownTest" time="6.142" classname="AutomationDemo.DemoUserRegistrationExtentReport"/>
  <system-out/>
  <testcase name="mouseHover_Alertmethod_Test" time="7.539" classname="AutomationDemo.DemoUserRegistrationExtentReport"/>
  <system-out/>
</testsuite> <!-- AutomationDemo.DemoUserRegistrationExtentReport -->
