<?xml version="1.0" encoding="UTF-8"?>
<!-- Generated by org.testng.reporters.JUnitReportReporter -->
<testsuite skipped="0" hostname="DESKTOP-6QJKN6Q" name="TestNGGrouping.DemoUserRegistration" tests="10" failures="0" timestamp="2020-06-18T09:49:44 GST" time="27.508" errors="0">
  <testcase name="initialLogin" time="4.348" classname="TestNGGrouping.DemoUserRegistration"/>
  <system-out/>
  <testcase name="fillFormTest" time="2.737" classname="TestNGGrouping.DemoUserRegistration"/>
  <system-out/>
  <testcase name="verifyTapTitle" time="0.016" classname="TestNGGrouping.DemoUserRegistration"/>
  <system-out/>
  <testcase name="verifyRegisterPageNameTitle" time="0.081" classname="TestNGGrouping.DemoUserRegistration"/>
  <system-out/>
  <testcase name="chooseUploadFileTest" time="1.635" classname="TestNGGrouping.DemoUserRegistration"/>
  <system-out/>
  <testcase name="select_RadioBtn_GenderTest" time="0.169" classname="TestNGGrouping.DemoUserRegistration"/>
  <system-out/>
  <testcase name="select_CheckBoxes_hobby" time="0.432" classname="TestNGGrouping.DemoUserRegistration"/>
  <system-out/>
  <testcase name="select_Language_Dropdown_Test" time="0.928" classname="TestNGGrouping.DemoUserRegistration"/>
  <system-out/>
  <testcase name="select_DateofBirth_DropdownTest" time="6.080" classname="TestNGGrouping.DemoUserRegistration"/>
  <system-out/>
  <testcase name="mouseHover_Alertmethod_Test" time="11.082" classname="TestNGGrouping.DemoUserRegistration"/>
  <system-out/>
</testsuite> <!-- TestNGGrouping.DemoUserRegistration -->
