<?xml version="1.0" encoding="UTF-8"?>
<!-- Generated by org.testng.reporters.JUnitReportReporter -->
<testsuite skipped="3" hostname="DESKTOP-6QJKN6Q" name="TestNGListeners.TestNGListenersDemo2" tests="3" failures="0" timestamp="2020-06-13T10:54:17 GST" time="0.000" errors="0">
  <testcase name="test6" time="0.000" classname="TestNGListeners.TestNGListenersDemo2">
    <skipped/>
  </testcase> <!-- test6 -->
  <system-out/>
  <testcase name="test5" time="0.000" classname="TestNGListeners.TestNGListenersDemo2">
    <skipped/>
  </testcase> <!-- test5 -->
  <system-out/>
  <testcase name="test4" time="0.000" classname="TestNGListeners.TestNGListenersDemo2">
    <skipped/>
  </testcase> <!-- test4 -->
  <system-out/>
</testsuite> <!-- TestNGListeners.TestNGListenersDemo2 -->
