<?xml version="1.0" encoding="UTF-8"?>
<!-- Generated by org.testng.reporters.JUnitReportReporter -->
<testsuite skipped="0" hostname="DESKTOP-6QJKN6Q" name="AutomationDemo.DemoUserRegistrationExtentReport" tests="6" failures="0" timestamp="2020-06-09T22:12:58 GST" time="25.634" errors="0">
  <testcase name="fillFormTest" time="6.840" classname="AutomationDemo.DemoUserRegistrationExtentReport"/>
  <system-out/>
  <testcase name="chooseUploadFileTest" time="1.651" classname="AutomationDemo.DemoUserRegistrationExtentReport"/>
  <system-out/>
  <testcase name="select_RadioBtn_GenderTest" time="0.263" classname="AutomationDemo.DemoUserRegistrationExtentReport"/>
  <system-out/>
  <testcase name="select_Language_Dropdown_Test" time="0.816" classname="AutomationDemo.DemoUserRegistrationExtentReport"/>
  <system-out/>
  <testcase name="select_DateofBirth_DropdownTest" time="6.374" classname="AutomationDemo.DemoUserRegistrationExtentReport"/>
  <system-out/>
  <testcase name="mouseHover_Alertmethod_Test" time="9.690" classname="AutomationDemo.DemoUserRegistrationExtentReport"/>
  <system-out/>
</testsuite> <!-- AutomationDemo.DemoUserRegistrationExtentReport -->
