<?xml version="1.0" encoding="UTF-8"?>
<!-- Generated by org.testng.reporters.JUnitReportReporter -->
<testsuite skipped="2" hostname="DESKTOP-6QJKN6Q" name="AssertionDemo.TestNGAseertion" tests="2" failures="0" timestamp="2020-06-13T10:54:17 GST" time="0.000" errors="0">
  <testcase name="hardAssertionTest" time="0.000" classname="AssertionDemo.TestNGAseertion">
    <skipped/>
  </testcase> <!-- hardAssertionTest -->
  <system-out/>
  <testcase name="softAssertionTest" time="0.000" classname="AssertionDemo.TestNGAseertion">
    <skipped/>
  </testcase> <!-- softAssertionTest -->
  <system-out/>
</testsuite> <!-- AssertionDemo.TestNGAseertion -->
