<?xml version="1.0" encoding="UTF-8"?>
<!-- Generated by org.testng.reporters.JUnitReportReporter -->
<testsuite skipped="3" hostname="DESKTOP-6QJKN6Q" name="TestNGListeners.TestNGListenersDemo" tests="3" failures="0" timestamp="2020-06-13T10:54:17 GST" time="0.000" errors="0">
  <testcase name="test1" time="0.000" classname="TestNGListeners.TestNGListenersDemo">
    <skipped/>
  </testcase> <!-- test1 -->
  <system-out/>
  <testcase name="test3" time="0.000" classname="TestNGListeners.TestNGListenersDemo">
    <skipped/>
  </testcase> <!-- test3 -->
  <system-out/>
  <testcase name="test2" time="0.000" classname="TestNGListeners.TestNGListenersDemo">
    <skipped/>
  </testcase> <!-- test2 -->
  <system-out/>
</testsuite> <!-- TestNGListeners.TestNGListenersDemo -->
